[    0.000000] Initializing cgroup subsys cpuset
[    0.000000] Initializing cgroup subsys cpu
[    0.000000] Initializing cgroup subsys cpuacct
[    0.000000] Linux version 4.4.0-77-generic (buildd@lgw01-53) (gcc version 5.4.0 20160609 (Ubuntu 5.4.0-6ubuntu1~16.04.4) ) #98-Ubuntu SMP Wed Apr 26 08:33:44 UTC 2017 (Ubuntu 4.4.0-77.98-generic 4.4.59)
[    0.000000] KERNEL supported cpus:
[    0.000000]   Intel GenuineIntel
[    0.000000]   AMD AuthenticAMD
[    0.000000]   NSC Geode by NSC
[    0.000000]   Cyrix CyrixInstead
[    0.000000]   Centaur CentaurHauls
[    0.000000]   Transmeta GenuineTMx86
[    0.000000]   Transmeta TransmetaCPU
[    0.000000]   UMC UMC UMC UMC
[    0.000000] x86/fpu: xstate_offset[2]:  576, xstate_sizes[2]:  256
[    0.000000] x86/fpu: Supporting XSAVE feature 0x01: 'x87 floating point registers'
[    0.000000] x86/fpu: Supporting XSAVE feature 0x02: 'SSE registers'
[    0.000000] x86/fpu: Supporting XSAVE feature 0x04: 'AVX registers'
[    0.000000] x86/fpu: Enabled xstate features 0x7, context size is 832 bytes, using 'standard' format.
[    0.000000] x86/fpu: Using 'lazy' FPU context switches.
[    0.000000] e820: BIOS-provided physical RAM map:
[    0.000000] BIOS-e820: [mem 0x0000000000000000-0x000000000009fbff] usable
[    0.000000] BIOS-e820: [mem 0x000000000009fc00-0x000000000009ffff] reserved
[    0.000000] BIOS-e820: [mem 0x00000000000f0000-0x00000000000fffff] reserved
[    0.000000] BIOS-e820: [mem 0x0000000000100000-0x000000003ffeffff] usable
[    0.000000] BIOS-e820: [mem 0x000000003fff0000-0x000000003fffffff] ACPI data
[    0.000000] BIOS-e820: [mem 0x00000000fec00000-0x00000000fec00fff] reserved
[    0.000000] BIOS-e820: [mem 0x00000000fee00000-0x00000000fee00fff] reserved
[    0.000000] BIOS-e820: [mem 0x00000000fffc0000-0x00000000ffffffff] reserved
[    0.000000] NX (Execute Disable) protection: active
[    0.000000] SMBIOS 2.5 present.
[    0.000000] Hypervisor detected: KVM
[    0.000000] e820: last_pfn = 0x3fff0 max_arch_pfn = 0x1000000
[    0.000000] MTRR: Disabled
[    0.000000] x86/PAT: MTRRs disabled, skipping PAT initialization too.
[    0.000000] x86/PAT: Configuration [0-7]: WB  WT  UC- UC  WB  WT  UC- UC  
[    0.000000] CPU MTRRs all blank - virtualized system.
[    0.000000] found SMP MP-table at [mem 0x0009fff0-0x0009ffff] mapped at [c009fff0]
[    0.000000] Scanning 1 areas for low memory corruption
[    0.000000] RAMDISK: [mem 0x36ae4000-0x37569fff]
[    0.000000] ACPI: Early table checksum verification disabled
[    0.000000] ACPI: RSDP 0x00000000000E0000 000024 (v02 VBOX  )
[    0.000000] ACPI: XSDT 0x000000003FFF0030 00003C (v01 VBOX   VBOXXSDT 00000001 ASL  00000061)
[    0.000000] ACPI: FACP 0x000000003FFF00F0 0000F4 (v04 VBOX   VBOXFACP 00000001 ASL  00000061)
[    0.000000] ACPI: DSDT 0x000000003FFF0470 00210F (v01 VBOX   VBOXBIOS 00000002 INTL 20100528)
[    0.000000] ACPI: FACS 0x000000003FFF0200 000040
[    0.000000] ACPI: FACS 0x000000003FFF0200 000040
[    0.000000] ACPI: APIC 0x000000003FFF0240 00005C (v02 VBOX   VBOXAPIC 00000001 ASL  00000061)
[    0.000000] ACPI: SSDT 0x000000003FFF02A0 0001CC (v01 VBOX   VBOXCPUT 00000002 INTL 20100528)
[    0.000000] 131MB HIGHMEM available.
[    0.000000] 891MB LOWMEM available.
[    0.000000]   mapped low ram: 0 - 37bfe000
[    0.000000]   low ram: 0 - 37bfe000
[    0.000000] kvm-clock: Using msrs 4b564d01 and 4b564d00
[    0.000000] kvm-clock: cpu 0, msr 0:37bfd001, primary cpu clock
[    0.000000] kvm-clock: using sched offset of 3141793115 cycles
[    0.000000] clocksource: kvm-clock: mask: 0xffffffffffffffff max_cycles: 0x1cd42e4dffb, max_idle_ns: 881590591483 ns
[    0.000000] Zone ranges:
[    0.000000]   DMA      [mem 0x0000000000001000-0x0000000000ffffff]
[    0.000000]   Normal   [mem 0x0000000001000000-0x0000000037bfdfff]
[    0.000000]   HighMem  [mem 0x0000000037bfe000-0x000000003ffeffff]
[    0.000000] Movable zone start for each node
[    0.000000] Early memory node ranges
[    0.000000]   node   0: [mem 0x0000000000001000-0x000000000009efff]
[    0.000000]   node   0: [mem 0x0000000000100000-0x000000003ffeffff]
[    0.000000] Initmem setup node 0 [mem 0x0000000000001000-0x000000003ffeffff]
[    0.000000] Using APIC driver default
[    0.000000] ACPI: PM-Timer IO Port: 0x4008
[    0.000000] IOAPIC[0]: apic_id 2, version 32, address 0xfec00000, GSI 0-23
[    0.000000] ACPI: INT_SRC_OVR (bus 0 bus_irq 0 global_irq 2 dfl dfl)
[    0.000000] ACPI: INT_SRC_OVR (bus 0 bus_irq 9 global_irq 9 high level)
[    0.000000] Using ACPI (MADT) for SMP configuration information
[    0.000000] smpboot: Allowing 2 CPUs, 0 hotplug CPUs
[    0.000000] PM: Registered nosave memory: [mem 0x00000000-0x00000fff]
[    0.000000] PM: Registered nosave memory: [mem 0x0009f000-0x0009ffff]
[    0.000000] PM: Registered nosave memory: [mem 0x000a0000-0x000effff]
[    0.000000] PM: Registered nosave memory: [mem 0x000f0000-0x000fffff]
[    0.000000] e820: [mem 0x40000000-0xfebfffff] available for PCI devices
[    0.000000] Booting paravirtualized kernel on KVM
[    0.000000] clocksource: refined-jiffies: mask: 0xffffffff max_cycles: 0xffffffff, max_idle_ns: 7645519600211568 ns
[    0.000000] setup_percpu: NR_CPUS:8 nr_cpumask_bits:8 nr_cpu_ids:2 nr_node_ids:1
[    0.000000] PERCPU: Embedded 19 pages/cpu @f76b0000 s47436 r0 d30388 u77824
[    0.000000] PV qspinlock hash table entries: 512 (order: 0, 4096 bytes)
[    0.000000] Built 1 zonelists in Zone order, mobility grouping on.  Total pages: 259800
[    0.000000] Kernel command line: BOOT_IMAGE=/boot/vmlinuz-4.4.0-77-generic root=LABEL=cloudimg-rootfs ro console=tty1 console=ttyS0
[    0.000000] PID hash table entries: 4096 (order: 2, 16384 bytes)
[    0.000000] Dentry cache hash table entries: 131072 (order: 7, 524288 bytes)
[    0.000000] Inode-cache hash table entries: 65536 (order: 6, 262144 bytes)
[    0.000000] Initializing CPU#0
[    0.000000] Initializing HighMem for node 0 (00037bfe:0003fff0)
[    0.000000] Initializing Movable for node 0 (00000000:00000000)
[    0.000000] Memory: 1012192K/1048120K available (7928K kernel code, 770K rwdata, 3164K rodata, 940K init, 800K bss, 35928K reserved, 0K cma-reserved, 135112K highmem)
[    0.000000] virtual kernel memory layout:
[    0.000000]     fixmap  : 0xfff15000 - 0xfffff000   ( 936 kB)
[    0.000000]     pkmap   : 0xffc00000 - 0xffe00000   (2048 kB)
[    0.000000]     vmalloc : 0xf83fe000 - 0xffbfe000   ( 120 MB)
[    0.000000]     lowmem  : 0xc0000000 - 0xf7bfe000   ( 891 MB)
[    0.000000]       .init : 0xc1b99000 - 0xc1c84000   ( 940 kB)
[    0.000000]       .data : 0xc17be50b - 0xc1b97b40   (3941 kB)
[    0.000000]       .text : 0xc1000000 - 0xc17be50b   (7929 kB)
[    0.000000] Checking if this processor honours the WP bit even in supervisor mode...Ok.
[    0.000000] SLUB: HWalign=64, Order=0-3, MinObjects=0, CPUs=2, Nodes=1
[    0.000000] Hierarchical RCU implementation.
[    0.000000] 	Build-time adjustment of leaf fanout to 32.
[    0.000000] 	RCU restricting CPUs from NR_CPUS=8 to nr_cpu_ids=2.
[    0.000000] RCU: Adjusting geometry for rcu_fanout_leaf=32, nr_cpu_ids=2
[    0.000000] NR_IRQS:2304 nr_irqs:440 16
[    0.000000] Console: colour VGA+ 80x25
[    0.000000] console [tty1] enabled
[    0.000000] console [ttyS0] enabled
[    0.000000] allocated 1048576 bytes of page_ext
[    0.000000] tsc: Detected 2399.998 MHz processor
[    4.818572] Calibrating delay loop (skipped) preset value.. 4799.99 BogoMIPS (lpj=9599992)
[    4.948253] pid_max: default: 32768 minimum: 301
[    4.994267] ACPI: Core revision 20150930
[    5.052115] ACPI: 2 ACPI AML tables successfully acquired and loaded
[    5.145194] Security Framework initialized
[    5.196053] Yama: becoming mindful.
[    5.254404] AppArmor: AppArmor initialized
[    5.291828] Mount-cache hash table entries: 2048 (order: 1, 8192 bytes)
[    5.293230] Mountpoint-cache hash table entries: 2048 (order: 1, 8192 bytes)
[    5.294860] Initializing cgroup subsys io
[    5.295817] Initializing cgroup subsys memory
[    5.296825] Initializing cgroup subsys devices
[    5.303280] Initializing cgroup subsys freezer
[    5.351218] Initializing cgroup subsys net_cls
[    5.409926] Initializing cgroup subsys perf_event
[    5.439200] Initializing cgroup subsys net_prio
[    5.472305] Initializing cgroup subsys hugetlb
[    5.503984] Initializing cgroup subsys pids
[    5.559477] CPU: Physical Processor ID: 0
[    5.612332] CPU: Processor Core ID: 0
[    5.669025] mce: CPU supports 0 MCE banks
[    5.724666] Last level iTLB entries: 4KB 1024, 2MB 1024, 4MB 1024
[    5.727329] Last level dTLB entries: 4KB 1024, 2MB 1024, 4MB 1024, 1GB 4
[    5.739511] Freeing SMP alternatives memory: 28K (c1c84000 - c1c8b000)
[    5.808626] ftrace: allocating 31398 entries in 62 pages
[    5.873218] smpboot: APIC(0) Converting physical 0 to logical package 0
[    5.950862] smpboot: Max logical packages: 1
[    6.012269] Enabling APIC mode:  Flat.  Using 1 I/O APICs
[    6.081514] ..TIMER: vector=0x30 apic1=0 pin1=2 apic2=-1 pin2=-1
[    6.278592] smpboot: CPU0: Intel(R) Core(TM) i5-4258U CPU @ 2.40GHz (family: 0x6, model: 0x45, stepping: 0x1)
[    6.448230] Performance Events: unsupported p6 CPU model 69 no PMU driver, software events only.
[    6.569092] KVM setup paravirtual spinlock
[    6.642273] x86: Booting SMP configuration:
[    6.711805] .... node  #0, CPUs:      #1
[1266874886.567758] Initializing CPU#1
[    6.773951] kvm-clock: cpu 1, msr 0:37bfd041, secondary cpu clock
[    6.776767] mce: CPU supports 0 MCE banks
[    6.779542] x86: Booted up 1 node, 2 CPUs
[    6.811412] smpboot: Total of 2 processors activated (9599.99 BogoMIPS)
[    6.843083] devtmpfs: initialized
[    6.864472] evm: security.selinux
[    6.887449] evm: security.SMACK64
[    6.904064] evm: security.SMACK64EXEC
[    6.935815] evm: security.SMACK64TRANSMUTE
[    6.974109] evm: security.SMACK64MMAP
[    6.990729] evm: security.ima
[    6.991570] evm: security.capability
[    7.038395] clocksource: jiffies: mask: 0xffffffff max_cycles: 0xffffffff, max_idle_ns: 7645041785100000 ns
[    7.106860] futex hash table entries: 512 (order: 3, 32768 bytes)
[    7.206767] pinctrl core: initialized pinctrl subsystem
[    7.251750] RTC time: 18:27:50, date: 05/03/17
[    7.308970] NET: Registered protocol family 16
[    7.371689] EISA bus registered
[    7.415141] cpuidle: using governor ladder
[    7.468002] cpuidle: using governor recipe
[    7.508842] PCCT header not found.
[    7.555017] ACPI: bus type PCI registered
[    7.580256] acpiphp: ACPI Hot Plug PCI Controller Driver version: 0.5
[    7.581922] PCI : PCI BIOS area is rw and x. Use pci=nobios if you want it NX.
[    7.589799] PCI: PCI BIOS revision 2.10 entry at 0xfda26, last bus=0
[    7.591159] PCI: Using configuration type 1 for base access
[    7.645382] ACPI: Added _OSI(Module Device)
[    7.681232] ACPI: Added _OSI(Processor Device)
[    7.726540] ACPI: Added _OSI(3.0 _SCP Extensions)
[    7.801325] ACPI: Added _OSI(Processor Aggregator Device)
[    7.893836] ACPI: Executed 1 blocks of module-level executable AML code
[    7.928121] ACPI: Interpreter enabled
[    7.962920] ACPI: (supports S0 S5)
[    7.975613] ACPI: Using IOAPIC for interrupt routing
[    8.009982] PCI: Using host bridge windows from ACPI; if necessary, use "pci=nocrs" and report a bug
[    8.124724] ACPI: PCI Root Bridge [PCI0] (domain 0000 [bus 00-ff])
[    8.204106] acpi PNP0A03:00: _OSC: OS supports [ASPM ClockPM Segments MSI]
[    8.304238] acpi PNP0A03:00: _OSC failed (AE_NOT_FOUND); disabling ASPM
[    8.363143] acpi PNP0A03:00: fail to add MMCONFIG information, can't access extended PCI configuration space under this bridge.
[    8.557919] PCI host bridge to bus 0000:00
[    8.601001] pci_bus 0000:00: root bus resource [io  0x0000-0x0cf7 window]
[    8.636269] pci_bus 0000:00: root bus resource [io  0x0d00-0xffff window]
[    8.676993] pci_bus 0000:00: root bus resource [mem 0x000a0000-0x000bffff window]
[    8.678706] pci_bus 0000:00: root bus resource [mem 0x40000000-0xffdfffff window]
[    8.680444] pci_bus 0000:00: root bus resource [bus 00-ff]
[    8.698394] pci 0000:00:01.1: legacy IDE quirk: reg 0x10: [io  0x01f0-0x01f7]
[    8.793984] pci 0000:00:01.1: legacy IDE quirk: reg 0x14: [io  0x03f6]
[    8.877389] pci 0000:00:01.1: legacy IDE quirk: reg 0x18: [io  0x0170-0x0177]
[    8.878881] pci 0000:00:01.1: legacy IDE quirk: reg 0x1c: [io  0x0376]
[    8.899240] pci 0000:00:07.0: quirk: [io  0x4000-0x403f] claimed by PIIX4 ACPI
[    8.923248] pci 0000:00:07.0: quirk: [io  0x4100-0x410f] claimed by PIIX4 SMB
[    8.946866] ACPI: PCI Interrupt Link [LNKA] (IRQs 5 9 10 *11)
[    9.022178] ACPI: PCI Interrupt Link [LNKB] (IRQs 5 9 10 *11)
[    9.038430] ACPI: PCI Interrupt Link [LNKC] (IRQs 5 9 *10 11)
[    9.040186] ACPI: PCI Interrupt Link [LNKD] (IRQs 5 *9 10 11)
[    9.048903] ACPI: Enabled 2 GPEs in block 00 to 07
[    9.050574] vgaarb: setting as boot device: PCI:0000:00:02.0
[    9.068142] vgaarb: device added: PCI:0000:00:02.0,decodes=io+mem,owns=io+mem,locks=none
[    9.118684] vgaarb: loaded
[    9.140759] vgaarb: bridge control possible 0000:00:02.0
[    9.189195] SCSI subsystem initialized
[    9.190258] ACPI: bus type USB registered
[    9.191224] usbcore: registered new interface driver usbfs
[    9.245248] usbcore: registered new interface driver hub
[    9.328411] usbcore: registered new device driver usb
[    9.382825] PCI: Using ACPI for IRQ routing
[    9.452159] NetLabel: Initializing
[    9.503235] NetLabel:  domain hash size = 128
[    9.553398] NetLabel:  protocols = UNLABELED CIPSOv4
[    9.575382] NetLabel:  unlabeled traffic allowed by default
[    9.593364] amd_nb: Cannot enumerate AMD northbridges
[    9.640846] clocksource: Switched to clocksource kvm-clock
[    9.736408] AppArmor: AppArmor Filesystem Enabled
[    9.810717] pnp: PnP ACPI init
[    9.882315] pnp: PnP ACPI: found 3 devices
[    9.967277] PnPBIOS: Disabled by ACPI PNP
[   10.104672] clocksource: acpi_pm: mask: 0xffffff max_cycles: 0xffffff, max_idle_ns: 2085701024 ns
[   10.135979] NET: Registered protocol family 2
[   10.137262] TCP established hash table entries: 8192 (order: 3, 32768 bytes)
[   10.226826] TCP bind hash table entries: 8192 (order: 4, 65536 bytes)
[   10.352727] TCP: Hash tables configured (established 8192 bind 8192)
[   10.472258] UDP hash table entries: 512 (order: 2, 16384 bytes)
[   10.473708] UDP-Lite hash table entries: 512 (order: 2, 16384 bytes)
[   10.475251] NET: Registered protocol family 1
[   10.476334] pci 0000:00:00.0: Limiting direct PCI/PCI transfers
[   10.477702] pci 0000:00:01.0: Activating ISA DMA hang workarounds
[   10.592545] Unpacking initramfs...
[   12.560289] Freeing initrd memory: 10776K (f6ae4000 - f756a000)
[   12.598060] RAPL PMU detected, API unit is 2^-32 Joules, 4 fixed counters 10737418240 ms ovfl timer
[   12.757663] hw unit of domain pp0-core 2^-0 Joules
[   12.822551] hw unit of domain package 2^-0 Joules
[   12.877967] hw unit of domain dram 2^-0 Joules
[   12.937427] hw unit of domain pp1-gpu 2^-0 Joules
[   12.998627] platform rtc_cmos: registered platform RTC device (no PNP device found)
[   13.101945] Scanning for low memory corruption every 60 seconds
[   13.219195] audit: initializing netlink subsys (disabled)
[   13.285608] audit: type=2000 audit(1493836071.984:1): initialized
[   13.324309] Initialise system trusted keyring
[   13.373854] HugeTLB registered 2 MB page size, pre-allocated 0 pages
[   13.440061] zbud: loaded
[   13.450136] VFS: Disk quotas dquot_6.6.0
[   13.513426] VFS: Dquot-cache hash table entries: 1024 (order 0, 4096 bytes)
[   13.593243] squashfs: version 4.0 (2009/01/31) Phillip Lougher
[   13.709657] fuse init (API version 7.23)
[   13.738883] Key type big_key registered
[   13.757383] Allocating IMA MOK and blacklist keyrings.
[   13.761558] Key type asymmetric registered
[   13.767219] Asymmetric key parser 'x509' registered
[   13.768327] bounce: pool size: 64 pages
[   13.797802] Block layer SCSI generic (bsg) driver version 0.4 loaded (major 249)
[   13.799706] io scheduler noop registered
[   13.813901] io scheduler deadline registered (default)
[   13.832128] io scheduler cfq registered
[   13.878897] pci_hotplug: PCI Hot Plug PCI Core version: 0.5
[   13.882670] pciehp: PCI Express Hot Plug Controller Driver version: 0.4
[   13.908650] ACPI: AC Adapter [AC] (off-line)
[   13.916851] input: Power Button as /devices/LNXSYSTM:00/LNXPWRBN:00/input/input0
[   13.928152] ACPI: Power Button [PWRF]
[   13.933753] input: Sleep Button as /devices/LNXSYSTM:00/LNXSLPBN:00/input/input1
[   13.935628] ACPI: Sleep Button [SLPF]
[   13.937130] GHES: HEST is not enabled!
[   13.938005] ACPI: Battery Slot [BAT0] (battery present)
[   13.947159] isapnp: Scanning for PnP cards...
[   13.969981] Serial: 8250/16550 driver, 32 ports, IRQ sharing enabled
[   13.993396] 00:02: ttyS0 at I/O 0x3f8 (irq = 4, base_baud = 115200) is a 16550A
[   13.998165] tsc: Refined TSC clocksource calibration: 2399.828 MHz
[   14.002030] clocksource: tsc: mask: 0xffffffffffffffff max_cycles: 0x22979506874, max_idle_ns: 440795314456 ns
[   14.005332] Linux agpgart interface v0.103
[   14.011212] loop: module loaded
[   14.032571] scsi host0: ata_piix
[   14.033968] scsi host1: ata_piix
[   14.034817] ata1: PATA max UDMA/33 cmd 0x1f0 ctl 0x3f6 bmdma 0xd000 irq 14
[   14.036252] ata2: PATA max UDMA/33 cmd 0x170 ctl 0x376 bmdma 0xd008 irq 15
[   14.038014] libphy: Fixed MDIO Bus: probed
[   14.038986] tun: Universal TUN/TAP device driver, 1.6
[   14.040106] tun: (C) 1999-2004 Max Krasnyansky <maxk@qualcomm.com>
[   14.049788] PPP generic driver version 2.4.2
[   14.050844] ehci_hcd: USB 2.0 'Enhanced' Host Controller (EHCI) Driver
[   14.052257] ehci-pci: EHCI PCI platform driver
[   14.053320] ehci-platform: EHCI generic platform driver
[   14.054482] ohci_hcd: USB 1.1 'Open' Host Controller (OHCI) Driver
[   14.055795] ohci-pci: OHCI PCI platform driver
[   14.057132] ohci-platform: OHCI generic platform driver
[   14.058321] uhci_hcd: USB Universal Host Controller Interface driver
[   14.059765] i8042: PNP: PS/2 Controller [PNP0303:PS2K,PNP0f03:PS2M] at 0x60,0x64 irq 1,12
[   14.062487] serio: i8042 KBD port at 0x60,0x64 irq 1
[   14.065581] serio: i8042 AUX port at 0x60,0x64 irq 12
[   14.066820] mousedev: PS/2 mouse device common for all mice
[   14.068531] input: AT Translated Set 2 keyboard as /devices/platform/i8042/serio0/input/input2
[   14.072116] rtc_cmos rtc_cmos: rtc core: registered rtc_cmos as rtc0
[   14.093426] rtc_cmos rtc_cmos: alarms up to one day, 114 bytes nvram
[   14.094522] i2c /dev entries driver
[   14.095278] device-mapper: uevent: version 1.0.3
[   14.096210] device-mapper: ioctl: 4.34.0-ioctl (2015-10-28) initialised: dm-devel@redhat.com
[   14.103786] platform eisa.0: Probing EISA bus 0
[   14.105088] platform eisa.0: EISA: Cannot allocate resource for mainboard
[   14.110194] platform eisa.0: Cannot allocate resource for EISA slot 1
[   14.111603] platform eisa.0: Cannot allocate resource for EISA slot 2
[   14.138551] platform eisa.0: Cannot allocate resource for EISA slot 3
[   14.153171] platform eisa.0: Cannot allocate resource for EISA slot 4
[   14.158225] platform eisa.0: Cannot allocate resource for EISA slot 5
[   14.159590] platform eisa.0: Cannot allocate resource for EISA slot 6
[   14.161237] platform eisa.0: Cannot allocate resource for EISA slot 7
[   14.166198] platform eisa.0: Cannot allocate resource for EISA slot 8
[   14.167564] platform eisa.0: EISA: Detected 0 cards
[   14.168704] cpufreq-nforce2: No nForce2 chipset.
[   14.182652] ledtrig-cpu: registered to indicate activity on CPUs
[   14.234566] NET: Registered protocol family 10
[   14.249923] NET: Registered protocol family 17
[   14.263797] Key type dns_resolver registered
[   14.267184] microcode: CPU0 sig=0x40651, pf=0x40, revision=0x0
[   14.268252] microcode: CPU1 sig=0x40651, pf=0x40, revision=0x0
[   14.278105] microcode: Microcode Update Driver: v2.01 <tigran@aivazian.fsnet.co.uk>, Peter Oruba
[   14.304530] Using IPI No-Shortcut mode
[   14.306903] registered taskstats version 1
[   14.324313] Loading compiled-in X.509 certificates
[   14.331076] Loaded X.509 cert 'Build time autogenerated kernel key: 42ed22459aa700f8082e342aa29c56ea5a58936f'
[   14.333284] zswap: loaded using pool lzo/zbud
[   14.335540] Key type trusted registered
[   14.338178] isapnp: No Plug & Play device found
[   14.339850] Key type encrypted registered
[   14.339854] AppArmor: AppArmor sha1 policy hashing enabled
[   14.339864] ima: No TPM chip found, activating TPM-bypass!
[   14.339879] evm: HMAC attrs: 0x1
[   14.340115]   Magic number: 1:55:493
[   14.344349] rtc_cmos rtc_cmos: setting system clock to 2017-05-03 18:27:57 UTC (1493836077)
[   14.344476] BIOS EDD facility v0.16 2004-Jun-25, 0 devices found
[   14.344476] EDD information not available.
[   14.722550] Freeing unused kernel memory: 940K (c1b99000 - c1c84000)
[   14.801829] Write protecting the kernel text: 7932k
[   14.910338] Write protecting the kernel read-only data: 3168k
[   14.932898] NX-protecting the kernel data: 6404k
Loading, please wait...
starting version[   15.004481] random: systemd-udevd: uninitialized urandom read (16 bytes read, 0 bits of entropy available)
 229
[   15.005094] random: udevadm: uninitialized urandom read (16 bytes read, 0 bits of entropy available)
[   15.005130] random: udevadm: uninitialized urandom read (16 bytes read, 0 bits of entropy available)
[   15.005253] random: udevadm: uninitialized urandom read (16 bytes read, 0 bits of entropy available)
[   15.005298] random: udevadm: uninitialized urandom read (16 bytes read, 0 bits of entropy available)
[   15.005340] random: udevadm: uninitialized urandom read (16 bytes read, 0 bits of entropy available)
[   15.005386] random: udevadm: uninitialized urandom read (16 bytes read, 0 bits of entropy available)
[   15.005430] random: udevadm: uninitialized urandom read (16 bytes read, 0 bits of entropy available)
[   15.005474] random: udevadm: uninitialized urandom read (16 bytes read, 0 bits of entropy available)
[   15.005517] random: udevadm: uninitialized urandom read (16 bytes read, 0 bits of entropy available)
[   15.691035] e1000: Intel(R) PRO/1000 Network Driver - version 7.3.21-k8-NAPI
[   15.769448] e1000: Copyright (c) 1999-2006 Intel Corporation.
[   15.772964] Fusion MPT base driver 3.04.20
[   15.778102] Copyright (c) 1999-2008 LSI Corporation
[   15.861264] Fusion MPT SPI Host driver 3.04.20
[   16.029202] input: ImExPS/2 Generic Explorer Mouse as /devices/platform/i8042/serio1/input/input4
[   16.233992] e1000 0000:00:03.0 eth0: (PCI:33MHz:32-bit) 02:e7:e1:f1:0e:27
[   16.336153] e1000 0000:00:03.0 eth0: Intel(R) PRO/1000 Network Connection
[   16.355607] e1000 0000:00:03.0 enp0s3: renamed from eth0
[   16.389542] mptbase: ioc0: Initiating bringup
[   16.477171] ioc0: LSI53C1030 A0: Capabilities={Initiator}
[   16.694267] scsi host2: ioc0: LSI53C1030 A0, FwRev=00000000h, Ports=1, MaxQ=256, IRQ=20
[   16.833556] scsi 2:0:0:0: Direct-Access     VBOX     HARDDISK         1.0  PQ: 0 ANSI: 5
[   16.893174] scsi target2:0:0: Beginning Domain Validation
[   16.987317] scsi target2:0:0: Domain Validation skipping write tests
[   16.993509] scsi target2:0:0: Ending Domain Validation
[   17.032141] scsi target2:0:0: asynchronous
[   17.034872] scsi 2:0:1:0: Direct-Access     VBOX     HARDDISK         1.0  PQ: 0 ANSI: 5
[   17.040571] scsi target2:0:1: Beginning Domain Validation
[   17.042604] scsi target2:0:1: Domain Validation skipping write tests
[   17.047322] scsi target2:0:1: Ending Domain Validation
[   17.089702] scsi target2:0:1: asynchronous
[   17.142117] sd 2:0:0:0: [sda] 20971520 512-byte logical blocks: (10.7 GB/10.0 GiB)
[   17.221444] sd 2:0:0:0: Attached scsi generic sg0 type 0
[   17.262869] sd 2:0:0:0: [sda] Write Protect is off
[   17.312753] sd 2:0:1:0: [sdb] 20480 512-byte logical blocks: (10.5 MB/10.0 MiB)
[   17.312840] sd 2:0:1:0: Attached scsi generic sg1 type 0
[   17.313024] sd 2:0:0:0: [sda] Incomplete mode parameter data
[   17.313025] sd 2:0:0:0: [sda] Assuming drive cache: write through
[   17.422784]  sda: sda1
[   17.423550] sd 2:0:0:0: [sda] Attached SCSI disk
[   17.722894] sd 2:0:1:0: [sdb] Write Protect is off
[   17.789666] sd 2:0:1:0: [sdb] Incomplete mode parameter data
[   17.858638] sd 2:0:1:0: [sdb] Assuming drive cache: write through
[   17.887914] sd 2:0:1:0: [sdb] Attached SCSI disk
[   18.841196] floppy0: no floppy controllers found
Begin: Loading e[   20.267554] md: linear personality registered for level -1
ssential drivers[   20.377468] md: multipath personality registered for level -4
 ... [   20.545793] md: raid0 personality registered for level 0
[   20.629923] md: raid1 personality registered for level 1
[   20.833469] raid6: mmxx1    gen()  5351 MB/s
[   20.981492] raid6: mmxx2    gen()  5709 MB/s
[   21.057542] raid6: sse1x1   gen()  4505 MB/s
[   21.208918] raid6: sse1x2   gen()  5325 MB/s
[   21.281188] raid6: sse2x1   gen()  5141 MB/s
[   21.397519] raid6: sse2x1   xor()  6806 MB/s
[   21.498188] raid6: sse2x2   gen() 12335 MB/s
[   21.591656] raid6: sse2x2   xor()  7489 MB/s
[   21.624242] raid6: using algorithm sse2x2 gen() 12335 MB/s
[   21.713130] raid6: .... xor() 7489 MB/s, rmw enabled
[   21.732760] raid6: using ssse3x1 recovery algorithm
[   21.835512] xor: automatically using best checksumming function:
[   21.976855]    avx       : 18064.000 MB/sec
[   22.051994] async_tx: api initialized (async)
[   22.111580] md: raid6 personality registered for level 6
[   22.272246] md: raid5 personality registered for level 5
[   22.303956] md: raid4 personality registered for level 4
[   22.317361] md: raid10 personality registered for level 10
done.
Begin: Running /scripts/init-premount ... done.
Begin: Mounting root file system ... Begin: Running /scripts/local-top ... done.
Begin: Running /scripts/local-premount ... [   22.397266] Btrfs loaded
Scanning for Btrfs filesystems
done.
Warning: fsck no[   22.495225] EXT4-fs (sda1): mounted filesystem with ordered data mode. Opts: (null)
t present, so skipping root file system
done.
Begin: Running /scripts/local-bottom ... done.
Begin: Running /scripts/init-bottom ... done.
[   22.804765] systemd[1]: systemd 229 running in system mode. (+PAM +AUDIT +SELINUX +IMA +APPARMOR +SMACK +SYSVINIT +UTMP +LIBCRYPTSETUP +GCRYPT +GNUTLS +ACL +XZ -LZ4 +SECCOMP +BLKID +ELFUTILS +KMOD -IDN)
[   22.888674] systemd[1]: Detected virtualization oracle.
[   22.900249] systemd[1]: Detected architecture x86.

Welcome to [1mUbuntu 16.04.2 LTS[0m!

[   22.934275] systemd[1]: Set hostname to <ubuntu>.
[   22.989624] systemd[1]: Initializing machine ID from random generator.
[   23.072026] systemd[1]: Installed transient /etc/machine-id file.
[   23.294164] systemd[1]: Listening on Syslog Socket.
[[0;32m  OK  [0m] Listening on Syslog Socket.
[   23.399297] systemd[1]: Created slice System Slice.
[[0;32m  OK  [0m] Created slice System Slice.
[   23.512038] systemd[1]: Listening on Device-mapper event daemon FIFOs.
[[0;32m  OK  [0m] Listening on Device-mapper event daemon FIFOs.
[   23.601643] systemd[1]: Created slice system-serial\x2dgetty.slice.
[[0;32m  OK  [0m] Created slice system-serial\x2dgetty.slice.
[   23.776238] systemd[1]: Listening on LVM2 metadata daemon socket.
[[0;32m  OK  [0m] Listening on LVM2 metadata daemon socket.
[   23.861152] systemd[1]: Listening on Journal Socket (/dev/log).
[[0;32m  OK  [0m] Listening on Journal Socket (/dev/log).
[   23.997406] systemd[1]: Set up automount Arbitrary Executable File Formats File System Automount Point.
[[0;32m  OK  [0m] Set up automount Arbitrary Executab...ats File System Automount Point.
[   24.129878] systemd[1]: Listening on /dev/initctl Compatibility Named Pipe.
[[0;32m  OK  [0m] Listening on /dev/initctl Compatibility Named Pipe.
[   24.333553] systemd[1]: Listening on udev Kernel Socket.
[[0;32m  OK  [0m] Listening on udev Kernel Socket.
[   24.485653] systemd[1]: Listening on LVM2 poll daemon socket.
[[0;32m  OK  [0m] Listening on LVM2 poll daemon socket.
[   24.506714] systemd[1]: Created slice User and Session Slice.
[[0;32m  OK  [0m] Created slice User and Session Slice.
[   24.589171] systemd[1]: Reached target Slices.
[[0;32m  OK  [0m] Reached target Slices.
[   24.693599] systemd[1]: Listening on Journal Socket.
[[0;32m  OK  [0m] Listening on Journal Socket.
[   24.857818] systemd[1]: Starting Load Kernel Modules...
[   24.873913] Loading iSCSI transport class v2.0-870.
         Starting Load Kernel Mo[   24.989150] iscsi: registered transport (tcp)
dules...
[   25.097195] systemd[1]: Starting Remount Root and Kernel File Systems...
         Startin[   25.117264] EXT4-fs (sda1): re-mounted. Opts: (null)
g Remount Root and Kernel File S[   25.141654] iscsi: registered transport (iser)
ystems...
[   25.225440] systemd[1]: Starting Monitoring of LVM2 mirrors, snapshots etc. using dmeventd or progress polling...
         Starting Monitoring of LVM2 mirrors... dmeventd or progress polling...
[   25.252562] systemd[1]: Mounting POSIX Message Queue File System...
         Mounting POSIX Message Queue File System...
[   25.281357] systemd[1]: Starting Uncomplicated firewall...
[   25.281733] random: nonblocking pool is initialized
         Starting Uncomplicated firewall...
[   25.465295] systemd[1]: Starting Nameserver information manager...
         Starting Nameserver information manager...
[   25.561163] systemd[1]: Reached target User and Group Name Lookups.
[[0;32m  OK  [0m] Reached target User and Group Name Lookups.
[   25.657744] systemd[1]: Listening on Journal Audit Socket.
[[0;32m  OK  [0m] Listening on Journal Audit Socket.
[   25.821751] systemd[1]: Starting Journal Service...
         Starting Journal Service...
[   25.869411] systemd[1]: Reached target Swap.
[[0;32m  OK  [0m] Reached target Swap.
[   25.951415] systemd[1]: Mounting Huge Pages File System...
         Mounting Huge Pages File System...
[   26.057524] systemd[1]: Listening on udev Control Socket.
[[0;32m  OK  [0m] Listening on udev Control Socket.
[   26.197646] systemd[1]: Starting Set console keymap...
         Starting Set console keymap...
[   26.233095] systemd[1]: Started Trigger resolvconf update for networkd DNS.
[[0;32m  OK  [0m] Started Trigger resolvconf update for networkd DNS.
[   26.301197] systemd[1]: Mounting Debug File System...
         Mounting Debug File System...
[   26.365509] systemd[1]: Starting Create list of required static device nodes for the current kernel...
         Starting Create list of required st... nodes for the current kernel...
[   26.474842] systemd[1]: Reached target Encrypted Volumes.
[[0;32m  OK  [0m] Reached target Encrypted Volumes.
[   26.629604] systemd[1]: Started Forward Password Requests to Wall Directory Watch.
[[0;32m  OK  [0m] Started Forward Password Requests to Wall Directory Watch.
[   26.774701] systemd[1]: Mounted POSIX Message Queue File System.
[[0;32m  OK  [0m] Mounted POSIX Message Queue File System.
[   26.885409] systemd[1]: Mounted Huge Pages File System.
[[0;32m  OK  [0m] Mounted Huge Pages File System.
[   26.961367] systemd[1]: Mounted Debug File System.
[[0;32m  OK  [0m] Mounted Debug File System.
[   27.050129] systemd[1]: Started Journal Service.
[[0;32m  OK  [0m] Started Journal Service.
[[0;32m  OK  [0m] Started Load Kernel Modules.
[[0;32m  OK  [0m] Started Remount Root and Kernel File Systems.
[[0;32m  OK  [0m] Started Uncomplicated firewall.
[[0;32m  OK  [0m] Started Set console keymap.
[[0;32m  OK  [0m] Started Create list of required sta...ce nodes for the current kernel.
[[0;32m  OK  [0m] Started Nameserver information manager.
[[0;32m  OK  [0m] Started LVM2 metadata daemon.
         Starting Create Static Device Nodes in /dev...
         Starting Initial cloud-init job (pre-networking)...
         Starting udev Coldplug all Devices...
         Starting Load/Save Random Seed...
         Starting Apply Kernel Variables...
         Mounting FUSE Control File System...
         Starting Flush Journal to Persistent Storage...
[[0;32m  OK  [0m] Mounted FUSE Control File System.
[[0;32m  OK  [0m] Started Create Static Device Nodes in /dev.
[[0;32m  OK  [0m] Started Load/Save Random Seed.
[[0;32m  OK  [0m] Started Monitoring of LVM2 mirrors,...ng dmeventd or progress polling.
[[0;32m  OK  [0m] Started Apply Kernel Variables.
[[0;32m  OK  [0m] Started udev Coldplug all Devices.
[[0;32m  OK  [0m] Started Flush Journal to Persistent Storage.
         Starting udev Kernel Device Manager...
[[0;32m  OK  [0m] Started udev Kernel Device Manager.
[[0;32m  OK  [0m] Reached target Local File Systems (Pre).
[[0;32m  OK  [0m] Reached target Local File Systems.
         Starting Create Volatile Files and Directories...
         Starting Commit a transient machine-id on disk...
         Starting Tell Plymouth To Write Out Runtime Data...
         Starting Set console font and keymap...
         Starting LSB: AppArmor initialization...
[[0;32m  OK  [0m] Started Dispatch Password Requests to Console Directory Watch.
[[0;32m  OK  [0m] Started Create Volatile Files and Directories.
[[0;32m  OK  [0m] Started Commit a transient machine-id on disk.
[[0;32m  OK  [0m] Started Tell Plymouth To Write Out Runtime Data.
         Starting Update UTMP about System Boot/Shutdown...
[[0;32m  OK  [0m] Reached target System Time Synchronized.
[[0;32m  OK  [0m] Started Update UTMP about System Boot/Shutdown.
[[0;32m  OK  [0m] Found device /dev/ttyS0.
[[0;32m  OK  [0m] Listening on Load/Save RF Kill Switch Status /dev/rfkill Watch.
[   20.081460] cloud-init[439]: Cloud-init v. 0.7.9 running 'init-local' at Wed, 03 May 2017 18:28:11 +0000. Up 19.39 seconds.
[[0;32m  OK  [0m] Started Initial cloud-init job (pre-networking).
[[0;32m  OK  [0m] Started LSB: AppArmor initialization.
[[0;32m  OK  [0m] Reached target Network (Pre).
         Starting Raise network interfaces...
[[0;32m  OK  [0m] Started Set console font and keymap.
[[0;32m  OK  [0m] Created slice system-getty.slice.
[[0;32m  OK  [0m] Started Raise network interfaces.
         Starting Initial cloud-init job (metadata service crawler)...
[[0;32m  OK  [0m] Reached target Network.
[   24.177266] cloud-init[935]: Cloud-init v. 0.7.9 running 'init' at Wed, 03 May 2017 18:28:15 +0000. Up 23.05 seconds.
[   24.252926] [cloud-init[0;32m  OK  [0m[935]: ] ci-info: +++++++++++++++++++++++++++++++++++++Net device info+++++++++++++++++++++++++++++++++++++Started Initial cloud-init job (metadata service crawler).

[   24.253441] cloud-init[935]: ci-info: +--------+------+---------------------------+---------------+-------+-------------------+
[   24.397686] [cloud-init[0;32m  OK  [0m[935]: ] ci-info: | Device |  Up  |          Address          |      Mask     | Scope |     Hw-Address    |Reached target System Initialization.

[[0;32m  OK  [0m] Started Daily apt activities.
[[0;32m  OK  [0m] Started Daily Cleanup of Temporary Directories.
[   24.398276] cloud-init[935]: ci-info: +--------+------+---------------------------+---------------+-------+-------------------+
[   24.681027]          cloud-initStarting Socket activation for snappy daemon.[935]: 
ci-info: | enp0s3 | True |         10.0.2.15         | 255.255.255.0 |   .   | 02:e7:e1:f1:0e:27 |
[   24.800561] [cloud-init[0;32m  OK  [0m[935]: ] ci-info: | enp0s3 | True | fe80::e7:e1ff:fef1:e27/64 |       .       |  link | 02:e7:e1:f1:0e:27 |Started ACPI Events Check.

[[0;32m  OK  [0m] Reached target Paths.
[[0;32m  OK  [0m] Started Timer to automatically refresh installed snaps.
[   24.801461] cloud-init[935]: ci-info: |   lo   | True |         127.0.0.1         |   255.0.0.0   |   .   |         .         |
[   25.072724] [cloud-init[0;32m  OK  [0m[935]: ] ci-info: |   lo   | True |          ::1/128          |       .       |  host |         .         |Reached target Timers.

[[0;32m  OK  [0m] Listening on ACPID Listen Socket.
[[0;32m  OK  [0m] Listening on UUID daemon activation socket.
[   25.073340] cloud-init[935]: ci-info: +--------+------+---------------------------+---------------+-------+-------------------+
[   25.332550]          cloud-initStarting LXD - unix socket.[935]: 
ci-info: +++++++++++++++++++++++++++Route IPv4 info++++++++++++++++++++++++++++
[   25.445144] [cloud-init[0;32m  OK  [0m[935]: ] ci-info: +-------+-------------+----------+---------------+-----------+-------+Listening on D-Bus System Message Bus Socket.

[   25.445672] [cloud-init[0;32m  OK  [0m[935]: ] ci-info: | Route | Destination | Gateway  |    Genmask    | Interface | Flags |Reached target Cloud-config availability.

[   25.524179] [cloud-init[0;32m  OK  [0m[935]: ] ci-info: +-------+-------------+----------+---------------+-----------+-------+Reached target Network is Online.

[   25.595756] cloud-init[935]: ci-info: |   0   |   0.0.0.0   | 10.0.2.2 |    0.0.0.0    |   enp0s3  |   UG  |
         Starting iSCSI initiator daemon (iscsid)...
[   25.726793] cloud-init[935]: ci-info: |   1   |   10.0.2.0  | 0.0.0.0  | 255.255.255.0 |   enp0s3  |   U   |
[   25.812456] [cloud-init[0;32m  OK  [0m[935]: ] ci-info: +-------+-------------+----------+---------------+-----------+-------+Listening on Socket activation for snappy daemon.

[   25.812963] [cloud-init[0;32m  OK  [0m[935]: ] Generating public/private rsa key pair.Listening on LXD - unix socket.

[   25.896370] cloud-init[935]: Your identification has been saved in /etc/ssh/ssh_host_rsa_key.
[   25.946828] [cloud-init[0;32m  OK  [0m[935]: ] Your public key has been saved in /etc/ssh/ssh_host_rsa_key.pub.Started iSCSI initiator daemon (iscsid).

[   25.947303] cloud-init[935]: The key fingerprint is:
[   26.034498]          cloud-initStarting Login to default iSCSI targets...[935]: 
SHA256:QU/lg/dZVoOh6CkkU9NeBpE+fQt4fLKx1NCssP/podQ root@ubuntu-xenial
[   26.092833] [[0;32m  OK  [0m] Reached target Sockets.
[[0;32m  OK  [0m] Reached target Basic System.
cloud-init[935]: The key's randomart image is:
[   26.099346] cloud-init[935]: +---[RSA 2048]----+
[   26.102067] cloud-init[935]: |       ooo=.+.o..|
[   26.105216] cloud-init[935]: |      ...*.*.+  o|
[   26.116473] cloud-init[935]: |     o .+.@.B   o|
         Starting System Logging Service...
[   26.141118] cloud-init[935]: |      + .B.@ * + |
         Starting Login Service...
[   26.186712] cloud-init[935]: |       .So= O +  |
         Starting Pollinate to seed the pseudo random number generator...
[   26.218884] cloud-init[935]: |        .  +..   |
         Starting /etc/rc.local Compatibility...
[   26.290777] cloud-init[935]: |           ..E.  |
[   26.349983]          cloud-initStarting LSB: MD monitoring daemon...[935]: 
|          . .o.  |
[   26.430233]          cloud-initStarting LXD - container startup/shutdown...[935]: 
|           ...   |
[[0;32m  OK  [0m] Started D-Bus System Message Bus.
[   26.481593] cloud-init[935]: +----[SHA256]-----+
[[0;32m  OK  [0m] Started Regular background program processing daemon.
[   26.543470] cloud-init[935]: Generating public/private dsa key pair.
         Starting Accounts Service...
[   26.683392] cloud-init[935]: Your identification has been saved in /etc/ssh/ssh_host_dsa_key.
[   26.720826] cloud-init[935]: Your public key has been saved in /etc/ssh/ssh_host_dsa_key.pub.
[   26.754551] cloud-init[935]: The key fingerprint is:
         Starting LSB: Record successful boot for GRUB...
[   26.785307] cloud-init[935]: SHA256:NiZuu15p1uiMtuAtD4UYdyzmdSmSQXlr/iOl3tffCXU root@ubuntu-xenial
[[0;32m  OK  [0m] Started ACPI event daemon.
[   26.849088] cloud-init[935]: The key's randomart image is:
[[0;32m  OK  [0m] Started Deferred execution scheduler.
[   26.895588] cloud-init[935]: +---[DSA 1024]----+
[[0;32m  OK  [0m] Started FUSE filesystem for LXC.
[   26.950151] cloud-init[935]: |   .o.           |
[   27.004423] cloud-init[935]: |    .+.  .       |
         Starting Apply the settings specified in cloud-config...
[   27.040129] cloud-init[935]: |  . *.=.o        |
[[0;32m  OK  [0m] Started Snappy daemon.
[   27.128509] cloud-init[935]: |   * *oo         |
[   27.220247]          cloud-initStarting Auto import assertions from block devices...[935]: 
|  . ooo S      .E|
[   27.324579] [cloud-init[0;32m  OK  [0m[935]: ] |     o.+.=    . .|Started System Logging Service.

[   27.325268] cloud-init[935]: |    o o+* .. .   |
[[0;32m  OK  [0m] Started Pollinate to seed the pseudo random number generator.
[[0;32m  OK  [0m] Started /etc/rc.local Compatibility.
[[0;32m  OK  [0m] Started LXD - container startup/shutdown.
[[0;32m  OK  [0m] Started Auto import assertions from block devices.
[   27.449745] cloud-init[935]: |   ..=+Xo . . ...|
[   27.620872] cloud-init[935]: |    .*X++o   ....|
[   27.625801] cloud-init[935]: +----[SHA256]-----+
[   27.653252] cloud-init[935]: Generating public/private ecdsa key pair.
[   27.732332] [cloud-init[0;32m  OK  [0m[935]: ] Your identification has been saved in /etc/ssh/ssh_host_ecdsa_key.Started Login to default iSCSI targets.

[   27.732913] cloud-init[935]: Your public key has been saved in /etc/ssh/ssh_host_ecdsa_key.pub.
[   27.821462] cloud-init[935]: The key fingerprint is:
[   27.836850] cloud-init[935]: SHA256:hj8S9dfSngusUf2zE16FuT0EHbuhTWsgHb67ASDq3uk root@ubuntu-xenial
[   27.856613] cloud-init[935]: The key's randomart image is:
[   27.883084] [cloud-init[0;32m  OK  [0m[935]: ] +---[ECDSA 256]---+Started LSB: MD monitoring daemon.

[   27.883687] cloud-init[935]: |             ....|
[   27.964525] [cloud-init[0;32m  OK  [0m[935]: ] |            o....|Started LSB: Record successful boot for GRUB.

[   27.965500] cloud-init[935]: |       ... . +.* |
[   28.033290] cloud-init[935]: |      .o... .+O.=|
[   28.060550] cloud-init[935]: |     .o S ..+o=B.|
[[0;32m  OK  [0m] Started Login Service.
[   28.080143] cloud-init[935]: |    .  +   +.o+=o|
[   28.145005] cloud-init[935]: |     .. o . oo+.=|
         Starting Authenticate and Authorize Users to Run Privileged Tasks...
[   28.145926] cloud-init[935]: |    . .... o .o+o|
[[0;32m  OK  [0m] Reached target Remote File Systems (Pre).
[[0;32m  OK  [0m] Reached target Remote File Systems.
[   28.193419] cloud-init[935]: |     ..E  .  ....|
[   28.252572] cloud-init[935]: +----[SHA256]-----+
         Starting LSB: Set the CPU Frequency Scaling governor to "ondemand"...
[   28.292408] cloud-init[935]: Generating public/private ed25519 key pair.
[   28.324627]          Starting LSB: VirtualBox Linux Additions...
cloud-init[935]: Your identification has been saved in /etc/ssh/ssh_host_ed25519_key.
[   28.330224]          Starting Permit User Sessions...
cloud-init         Starting LSB: daemon to balance interrupts for SMP systems...
         Starting LSB: automatic crash report generation...
         Starting OpenBSD Secure Shell server...
[935]: Your public key has been saved in /etc/ssh/ssh_host_ed25519_key.pub.
[   28.380687] cloud-init[935]: The key fingerprint is:
[[0;32m  OK  [0m] Started Permit User Sessions.
[   28.381748] cloud-init[935]: SHA256:VdcbyXIfldoSkiLZetkI3azgwSqaWATJEno0e4MQTEA root@ubuntu-xenial
[[0;32m  OK  [0m] Started OpenBSD Secure Shell server.
[[0;32m  OK  [0m] Started Authenticate and Authorize Users to Run Privileged Tasks.
[   28.446421] cloud-init[935]: The key's randomart image is:
[   28.461845] cloud-init[935]: +--[ED25519 256]--+
[   28.463210] cloud-init[935]: |%Eo   . + o o o.=|
[[0;32m  OK  [0m] Started Accounts Service.
[   28.470818] cloud-init[935]: |+=.+   B + * + B.|
[   28.502107] cloud-init[935]: |o.+ o o * B . * =|
[   28.516417] cloud-init[935]: | ..o o o * . o o.|
[[0;32m  OK  [0m] Started LSB: Set the CPU Frequency Scaling governor to "ondemand".
[   28.529290] cloud-init[935]: |..o .   S     .  |
[   28.573813] cloud-init[935]: |.o               |
[   28.581991] cloud-init[935]: |                 |
[   28.584400] cloud-init[935]: |                 |
[   28.588552] cloud-init[935]: |                 |
         Starting Terminate Plymouth Boot Screen...
[   28.624645] cloud-init[935]: +----[SHA256]-----+
         Starting Hold until boot process finishes up...
[[0;32m  OK  [0m] Started LSB: VirtualBox Linux Additions.
[   28.699330] cloud-init[1129]: Generating locales (this might take a while)...
[[0;32m  OK  [0m] Started LSB: daemon to balance interrupts for SMP systems.
[[0;32m  OK  [0m] Started LSB: automatic crash report generation.
[[0;32m  OK  [0m] Started Terminate Plymouth Boot Screen.
[[0;32m  OK  [0m] Started Hold until boot process finishes up.
[[0;32m  OK  [0m] Started Serial Getty on ttyS0.
[[0;32m  OK  [0m] Started Getty on tty1.
[[0;32m  OK  [0m] Reached target Login Prompts.
         Starting Set console scheme...
[[0;32m  OK  [0m] Reached target Multi-User System.
[[0;32m  OK  [0m] Reached target Graphical Interface.
         Starting Update UTMP about System Runlevel Changes...
[[0;32m  OK  [0m] Started Set console scheme.
[[0;32m  OK  [0m] Started Update UTMP about System Runlevel Changes.
[   29.270409] cloud-init[1129]:   en_US.UTF-8... done
[   29.278560] cloud-init[1129]: Generation complete.
         Stopping OpenBSD Secure Shell server...
[[0;32m  OK  [0m] Stopped OpenBSD Secure Shell server.
         Starting OpenBSD Secure Shell server...
[[0;32m  OK  [0m] Started OpenBSD Secure Shell server.
[[0;32m  OK  [0m] Created slice User Slice of ubuntu.
         Starting User Manager for UID 1000...
[[0;32m  OK  [0m] Started Session 1 of user ubuntu.
[[0;32m  OK  [0m] Started User Manager for UID 1000.
[   29.795560] cloud-init[1129]: Cloud-init v. 0.7.9 running 'modules:config' at Wed, 03 May 2017 18:28:19 +0000. Up 27.57 seconds.
[[0;32m  OK  [0m] Started Apply the settings specified in cloud-config.
         Starting Execute cloud user/final scripts...
ci-info: no authorized ssh keys fingerprints found for user ubuntu.
<14>May  3 18:28:22 ec2: 
<14>May  3 18:28:22 ec2: #############################################################
<14>May  3 18:28:22 ec2: -----BEGIN SSH HOST KEY FINGERPRINTS-----
<14>May  3 18:28:22 ec2: 1024 SHA256:NiZuu15p1uiMtuAtD4UYdyzmdSmSQXlr/iOl3tffCXU root@ubuntu-xenial (DSA)
<14>May  3 18:28:22 ec2: 256 SHA256:hj8S9dfSngusUf2zE16FuT0EHbuhTWsgHb67ASDq3uk root@ubuntu-xenial (ECDSA)
<14>May  3 18:28:22 ec2: 256 SHA256:VdcbyXIfldoSkiLZetkI3azgwSqaWATJEno0e4MQTEA root@ubuntu-xenial (ED25519)
<14>May  3 18:28:22 ec2: 2048 SHA256:QU/lg/dZVoOh6CkkU9NeBpE+fQt4fLKx1NCssP/podQ root@ubuntu-xenial (RSA)
<14>May  3 18:28:22 ec2: -----END SSH HOST KEY FINGERPRINTS-----
<14>May  3 18:28:22 ec2: #############################################################
-----BEGIN SSH HOST KEY KEYS-----
ecdsa-sha2-nistp256 AAAAE2VjZHNhLXNoYTItbmlzdHAyNTYAAAAIbmlzdHAyNTYAAABBBBuhV7XQ1aRR7/n2UmF83VBOmFnBv9mqE//QMcRHOQIQ8WS9XA731vqYmtkT/YatAylORyfjFhBKy1Kgr8w4H34= root@ubuntu-xenial
ssh-ed25519 AAAAC3NzaC1lZDI1NTE5AAAAIEqssdSvszk29p/ATxvwQOzqjxoC8XvSFpYfOCPfnxfP root@ubuntu-xenial
ssh-rsa AAAAB3NzaC1yc2EAAAADAQABAAABAQCqfuIgNvkNmHVDYHT96iwF1bqyd17/4/9nzbJuW1EB2SsUqgsIL1P5WWR4f0vMYXnyQYKRt0FdqMvkTwqK/TTa0WWCe71fBMBJB+NsAc/JZMfmiuSYdXem4HpGECGx+Ij0WFVld0vd4GyC8fvfSgl1iogDlveJlWyCfD+0qgtU0vcjbDCwuVnbPTMVojG57zo5CEgcakZK//PHYh1gSQGEsVubu0SrmG26SxRksIAiSweeySpla4WvC8iHS31d0zMMIMjov7qinXZ3cPQJkFa+76Npkwg0EzIu1dBUl1QnhoTZ9c3+ku5/i0QCNz7W82jSgxXNXw5Qj+dIxj/1ju+f root@ubuntu-xenial
-----END SSH HOST KEY KEYS-----
[   30.796672] cloud-init[1365]: Cloud-init v. 0.7.9 running 'modules:final' at Wed, 03 May 2017 18:28:22 +0000. Up 30.47 seconds.
[   30.810270] cloud-init[1365]: ci-info: no authorized ssh keys fingerprints found for user ubuntu.
[   30.813457] cloud-init[1365]: Cloud-init v. 0.7.9 finished at Wed, 03 May 2017 18:28:23 +0000. Datasource DataSourceNoCloud [seed=/dev/sdb][dsmode=net].  Up 30.78 seconds
[[0;32m  OK  [0m] Started Execute cloud user/final scripts.
[[0;32m  OK  [0m] Reached target Cloud-init target.

Ubuntu 16.04.2 LTS ubuntu-xenial ttyS0

ubuntu-xenial login: 